# JRE version: OpenJDK Runtime Environment Temurin-25+36 (25.0+36) (build 25+36-LTS)
# Java VM: OpenJDK 64-Bit Server VM Temurin-25+36 (25+36-LTS, mixed mode, sharing, tiered, compressed oops, compressed class ptrs, g1 gc, windows-amd64)
GC Precious Log:
 CardTable entry size: 512
 Card Set container configuration: InlinePtr #cards 5 size 8 Array Of Cards #cards 10 size 36 Howl #buckets 4 coarsen threshold 1843 Howl Bitmap #cards 512 size 80 coarsen threshold 460 Card regions per heap region 1 cards per card region 2048
 CPUs: 2 total, 2 available
 Memory: 5965M
 Large Page Support: Disabled
 NUMA Support: Disabled
 Compressed Oops: Enabled (32-bit)
 Heap Region Size: 1M
 Heap Min Capacity: 8M
 Heap Initial Capacity: 8M
 Heap Max Capacity: 1492M
 Pre-touch: Disabled
 Parallel Workers: 2
 Concurrent Workers: 1
 Concurrent Refinement Workers: 2
 Periodic GC: Disabled
Heap:
 garbage-first heap   total reserved 1527808K, committed 28672K, used 12465K [0x00000000a2c00000, 0x0000000100000000)
  region size 1024K, 5 young (5120K), 2 survivors (2048K)
GC Heap Usage History (20 events):
Event: 1.234 {heap Before GC invocations=3 (full 0):
 garbage-first heap   total reserved 1527808K, committed 10240K, used 6281K [0x00000000a2c00000, 0x0000000100000000)
  region size 1024K, 4 young (4096K), 1 survivors (1024K)
}
Event: 1.238 {heap After GC invocations=4 (full 0):
 garbage-first heap   total reserved 1527808K, committed 10240K, used 4060K [0x00000000a2c00000, 0x0000000100000000)
  region size 1024K, 1 young (1024K), 1 survivors (1024K)
}
Event: 1.309 {heap Before GC invocations=4 (full 0):
 garbage-first heap   total reserved 1527808K, committed 10240K, used 6108K [0x00000000a2c00000, 0x0000000100000000)
  region size 1024K, 3 young (3072K), 1 survivors (1024K)
}
Event: 1.311 {heap After GC invocations=5 (full 0):
 garbage-first heap   total reserved 1527808K, committed 10240K, used 4403K [0x00000000a2c00000, 0x0000000100000000)
  region size 1024K, 1 young (1024K), 1 survivors (1024K)
}
Event: 1.379 {heap Before GC invocations=6 (full 0):
 garbage-first heap   total reserved 1527808K, committed 10240K, used 6451K [0x00000000a2c00000, 0x0000000100000000)
  region size 1024K, 3 young (3072K), 1 survivors (1024K)
}
Event: 1.380 {heap After GC invocations=7 (full 0):
 garbage-first heap   total reserved 1527808K, committed 10240K, used 4663K [0x00000000a2c00000, 0x0000000100000000)
  region size 1024K, 1 young (1024K), 1 survivors (1024K)
}
Event: 1.398 {heap Before GC invocations=7 (full 0):
 garbage-first heap   total reserved 1527808K, committed 10240K, used 6711K [0x00000000a2c00000, 0x0000000100000000)
  region size 1024K, 3 young (3072K), 1 survivors (1024K)
}
Event: 1.401 {heap After GC invocations=8 (full 0):
 garbage-first heap   total reserved 1527808K, committed 12288K, used 5021K [0x00000000a2c00000, 0x0000000100000000)
  region size 1024K, 1 young (1024K), 1 survivors (1024K)
}
Event: 1.414 {heap Before GC invocations=8 (full 0):
 garbage-first heap   total reserved 1527808K, committed 12288K, used 8093K [0x00000000a2c00000, 0x0000000100000000)
  region size 1024K, 4 young (4096K), 1 survivors (1024K)
}
Event: 1.416 {heap After GC invocations=9 (full 0):
 garbage-first heap   total reserved 1527808K, committed 12288K, used 5537K [0x00000000a2c00000, 0x0000000100000000)
  region size 1024K, 1 young (1024K), 1 survivors (1024K)
}
Event: 1.614 {heap Before GC invocations=9 (full 0):
 garbage-first heap   total reserved 1527808K, committed 12288K, used 9633K [0x00000000a2c00000, 0x0000000100000000)
  region size 1024K, 5 young (5120K), 1 survivors (1024K)
}
Event: 1.621 {heap After GC invocations=10 (full 0):
 garbage-first heap   total reserved 1527808K, committed 12288K, used 6223K [0x00000000a2c00000, 0x0000000100000000)
  region size 1024K, 1 young (1024K), 1 survivors (1024K)
}
Event: 1.691 {heap Before GC invocations=10 (full 0):
 garbage-first heap   total reserved 1527808K, committed 12288K, used 9295K [0x00000000a2c00000, 0x0000000100000000)
  region size 1024K, 4 young (4096K), 1 survivors (1024K)
}
Event: 1.693 {heap After GC invocations=11 (full 0):
 garbage-first heap   total reserved 1527808K, committed 12288K, used 7301K [0x00000000a2c00000, 0x0000000100000000)
  region size 1024K, 1 young (1024K), 1 survivors (1024K)
}
Event: 1.727 {heap Before GC invocations=12 (full 0):
 garbage-first heap   total reserved 1527808K, committed 14336K, used 9349K [0x00000000a2c00000, 0x0000000100000000)
  region size 1024K, 3 young (3072K), 1 survivors (1024K)
}
Event: 1.730 {heap After GC invocations=13 (full 0):
 garbage-first heap   total reserved 1527808K, committed 14336K, used 7779K [0x00000000a2c00000, 0x0000000100000000)
  region size 1024K, 1 young (1024K), 1 survivors (1024K)
}
Event: 1.760 {heap Before GC invocations=13 (full 0):
 garbage-first heap   total reserved 1527808K, committed 14336K, used 10851K [0x00000000a2c00000, 0x0000000100000000)
  region size 1024K, 4 young (4096K), 1 survivors (1024K)
}
Event: 1.762 {heap After GC invocations=14 (full 0):
 garbage-first heap   total reserved 1527808K, committed 28672K, used 8181K [0x00000000a2c00000, 0x0000000100000000)
  region size 1024K, 1 young (1024K), 1 survivors (1024K)
}
Event: 2.193 {heap Before GC invocations=15 (full 0):
 garbage-first heap   total reserved 1527808K, committed 28672K, used 20469K [0x00000000a2c00000, 0x0000000100000000)
  region size 1024K, 13 young (13312K), 1 survivors (1024K)
}
Event: 2.199 {heap After GC invocations=16 (full 0):
 garbage-first heap   total reserved 1527808K, committed 28672K, used 10417K [0x00000000a2c00000, 0x0000000100000000)
  region size 1024K, 2 young (2048K), 2 survivors (2048K)
}

