# JRE version: OpenJDK Runtime Environment Temurin-21.0.9+10 (21.0.9+10) (build 21.0.9+10-LTS)
# Java VM: OpenJDK 64-Bit Server VM Temurin-21.0.9+10 (21.0.9+10-LTS, mixed mode, sharing, tiered, compressed oops, compressed class ptrs, parallel gc, windows-amd64)
GC Precious Log:
 CardTable entry size: 512
 CPUs: 2 total, 2 available
 Memory: 5965M
 Large Page Support: Disabled
 NUMA Support: Disabled
 Compressed Oops: Enabled (32-bit)
 Alignments: Space 512K, Generation 512K, Heap 2M
 Heap Min Capacity: 100M
 Heap Initial Capacity: 100M
 Heap Max Capacity: 2G
 Pre-touch: Disabled
 Parallel Workers: 2
Heap:
 PSYoungGen      total 17408K, used 11370K [0x00000000d5580000, 0x00000000d7480000, 0x0000000100000000)
  eden space 16384K, 63% used [0x00000000d5580000,0x00000000d5f9daa0,0x00000000d6580000)
  from space 1024K, 98% used [0x00000000d6d80000,0x00000000d6e7cf08,0x00000000d6e80000)
  to   space 7680K, 0% used [0x00000000d6580000,0x00000000d6580000,0x00000000d6d00000)
 ParOldGen       total 165376K, used 165068K [0x0000000080000000, 0x000000008a180000, 0x00000000d5580000)
  object space 165376K, 99% used [0x0000000080000000,0x000000008a133260,0x000000008a180000)
 Metaspace       used 75963K, committed 77440K, reserved 1179648K
  class space    used 7943K, committed 8512K, reserved 1048576K
GC Heap History (20 events):
Event: 728.539 GC heap before
{Heap before GC invocations=56 (full 3):
 PSYoungGen      total 18432K, used 18402K [0x00000000d5580000, 0x00000000d7880000, 0x0000000100000000)
  eden space 16384K, 100% used [0x00000000d5580000,0x00000000d6580000,0x00000000d6580000)
  from space 2048K, 98% used [0x00000000d7580000,0x00000000d7778b20,0x00000000d7780000)
  to   space 9728K, 0% used [0x00000000d6580000,0x00000000d6580000,0x00000000d6f00000)
 ParOldGen       total 148992K, used 148561K [0x0000000080000000, 0x0000000089180000, 0x00000000d5580000)
  object space 148992K, 99% used [0x0000000080000000,0x0000000089114478,0x0000000089180000)
 Metaspace       used 73348K, committed 74688K, reserved 1179648K
  class space    used 7736K, committed 8256K, reserved 1048576K
}
Event: 728.571 GC heap after
{Heap after GC invocations=56 (full 3):
 PSYoungGen      total 26112K, used 3984K [0x00000000d5580000, 0x00000000d7600000, 0x0000000100000000)
  eden space 16384K, 0% used [0x00000000d5580000,0x00000000d5580000,0x00000000d6580000)
  from space 9728K, 40% used [0x00000000d6580000,0x00000000d6964060,0x00000000d6f00000)
  to   space 5632K, 0% used [0x00000000d7080000,0x00000000d7080000,0x00000000d7600000)
 ParOldGen       total 149504K, used 149073K [0x0000000080000000, 0x0000000089200000, 0x00000000d5580000)
  object space 149504K, 99% used [0x0000000080000000,0x0000000089194498,0x0000000089200000)
 Metaspace       used 73348K, committed 74688K, reserved 1179648K
  class space    used 7736K, committed 8256K, reserved 1048576K
}
Event: 730.843 GC heap before
{Heap before GC invocations=57 (full 3):
 PSYoungGen      total 26112K, used 20368K [0x00000000d5580000, 0x00000000d7600000, 0x0000000100000000)
  eden space 16384K, 100% used [0x00000000d5580000,0x00000000d6580000,0x00000000d6580000)
  from space 9728K, 40% used [0x00000000d6580000,0x00000000d6964060,0x00000000d6f00000)
  to   space 5632K, 0% used [0x00000000d7080000,0x00000000d7080000,0x00000000d7600000)
 ParOldGen       total 149504K, used 149073K [0x0000000080000000, 0x0000000089200000, 0x00000000d5580000)
  object space 149504K, 99% used [0x0000000080000000,0x0000000089194498,0x0000000089200000)
 Metaspace       used 73755K, committed 75200K, reserved 1179648K
  class space    used 7750K, committed 8320K, reserved 1048576K
}
Event: 730.850 GC heap after
{Heap after GC invocations=57 (full 3):
 PSYoungGen      total 16896K, used 336K [0x00000000d5580000, 0x00000000d7100000, 0x0000000100000000)
  eden space 16384K, 0% used [0x00000000d5580000,0x00000000d5580000,0x00000000d6580000)
  from space 512K, 65% used [0x00000000d7080000,0x00000000d70d4030,0x00000000d7100000)
  to   space 2048K, 0% used [0x00000000d6d00000,0x00000000d6d00000,0x00000000d6f00000)
 ParOldGen       total 153088K, used 152830K [0x0000000080000000, 0x0000000089580000, 0x00000000d5580000)
  object space 153088K, 99% used [0x0000000080000000,0x000000008953f968,0x0000000089580000)
 Metaspace       used 73755K, committed 75200K, reserved 1179648K
  class space    used 7750K, committed 8320K, reserved 1048576K
}
Event: 732.686 GC heap before
{Heap before GC invocations=58 (full 3):
 PSYoungGen      total 16896K, used 16720K [0x00000000d5580000, 0x00000000d7100000, 0x0000000100000000)
  eden space 16384K, 99% used [0x00000000d5580000,0x00000000d657fff8,0x00000000d6580000)
  from space 512K, 65% used [0x00000000d7080000,0x00000000d70d4030,0x00000000d7100000)
  to   space 2048K, 0% used [0x00000000d6d00000,0x00000000d6d00000,0x00000000d6f00000)
 ParOldGen       total 153088K, used 152830K [0x0000000080000000, 0x0000000089580000, 0x00000000d5580000)
  object space 153088K, 99% used [0x0000000080000000,0x000000008953f968,0x0000000089580000)
 Metaspace       used 74015K, committed 75456K, reserved 1179648K
  class space    used 7751K, committed 8320K, reserved 1048576K
}
Event: 732.691 GC heap after
{Heap after GC invocations=58 (full 3):
 PSYoungGen      total 18432K, used 384K [0x00000000d5580000, 0x00000000d7100000, 0x0000000100000000)
  eden space 16384K, 0% used [0x00000000d5580000,0x00000000d5580000,0x00000000d6580000)
  from space 2048K, 18% used [0x00000000d6d00000,0x00000000d6d60020,0x00000000d6f00000)
  to   space 1024K, 0% used [0x00000000d7000000,0x00000000d7000000,0x00000000d7100000)
 ParOldGen       total 153088K, used 153086K [0x0000000080000000, 0x0000000089580000, 0x00000000d5580000)
  object space 153088K, 99% used [0x0000000080000000,0x000000008957f9a8,0x0000000089580000)
 Metaspace       used 74015K, committed 75456K, reserved 1179648K
  class space    used 7751K, committed 8320K, reserved 1048576K
}
Event: 735.721 GC heap before
{Heap before GC invocations=59 (full 3):
 PSYoungGen      total 18432K, used 16768K [0x00000000d5580000, 0x00000000d7100000, 0x0000000100000000)
  eden space 16384K, 100% used [0x00000000d5580000,0x00000000d6580000,0x00000000d6580000)
  from space 2048K, 18% used [0x00000000d6d00000,0x00000000d6d60020,0x00000000d6f00000)
  to   space 1024K, 0% used [0x00000000d7000000,0x00000000d7000000,0x00000000d7100000)
 ParOldGen       total 153088K, used 153086K [0x0000000080000000, 0x0000000089580000, 0x00000000d5580000)
  object space 153088K, 99% used [0x0000000080000000,0x000000008957f9a8,0x0000000089580000)
 Metaspace       used 74229K, committed 75648K, reserved 1179648K
  class space    used 7751K, committed 8320K, reserved 1048576K
}
Event: 735.723 GC heap after
{Heap after GC invocations=59 (full 3):
 PSYoungGen      total 16896K, used 96K [0x00000000d5580000, 0x00000000d7080000, 0x0000000100000000)
  eden space 16384K, 0% used [0x00000000d5580000,0x00000000d5580000,0x00000000d6580000)
  from space 512K, 18% used [0x00000000d7000000,0x00000000d7018000,0x00000000d7080000)
  to   space 512K, 0% used [0x00000000d6f80000,0x00000000d6f80000,0x00000000d7000000)
 ParOldGen       total 153600K, used 153174K [0x0000000080000000, 0x0000000089600000, 0x00000000d5580000)
  object space 153600K, 99% used [0x0000000080000000,0x00000000895959c8,0x0000000089600000)
 Metaspace       used 74229K, committed 75648K, reserved 1179648K
  class space    used 7751K, committed 8320K, reserved 1048576K
}
Event: 740.312 GC heap before
{Heap before GC invocations=60 (full 3):
 PSYoungGen      total 16896K, used 16480K [0x00000000d5580000, 0x00000000d7080000, 0x0000000100000000)
  eden space 16384K, 100% used [0x00000000d5580000,0x00000000d6580000,0x00000000d6580000)
  from space 512K, 18% used [0x00000000d7000000,0x00000000d7018000,0x00000000d7080000)
  to   space 512K, 0% used [0x00000000d6f80000,0x00000000d6f80000,0x00000000d7000000)
 ParOldGen       total 153600K, used 153174K [0x0000000080000000, 0x0000000089600000, 0x00000000d5580000)
  object space 153600K, 99% used [0x0000000080000000,0x00000000895959c8,0x0000000089600000)
 Metaspace       used 74347K, committed 75776K, reserved 1179648K
  class space    used 7757K, committed 8320K, reserved 1048576K
}
Event: 740.319 GC heap after
{Heap after GC invocations=60 (full 3):
 PSYoungGen      total 16896K, used 512K [0x00000000d5580000, 0x00000000d7080000, 0x0000000100000000)
  eden space 16384K, 0% used [0x00000000d5580000,0x00000000d5580000,0x00000000d6580000)
  from space 512K, 100% used [0x00000000d6f80000,0x00000000d7000000,0x00000000d7000000)
  to   space 512K, 0% used [0x00000000d7000000,0x00000000d7000000,0x00000000d7080000)
 ParOldGen       total 153600K, used 153513K [0x0000000080000000, 0x0000000089600000, 0x00000000d5580000)
  object space 153600K, 99% used [0x0000000080000000,0x00000000895ea610,0x0000000089600000)
 Metaspace       used 74347K, committed 75776K, reserved 1179648K
  class space    used 7757K, committed 8320K, reserved 1048576K
}
Event: 750.823 GC heap before
{Heap before GC invocations=61 (full 3):
 PSYoungGen      total 16896K, used 16895K [0x00000000d5580000, 0x00000000d7080000, 0x0000000100000000)
  eden space 16384K, 99% used [0x00000000d5580000,0x00000000d657fff8,0x00000000d6580000)
  from space 512K, 100% used [0x00000000d6f80000,0x00000000d7000000,0x00000000d7000000)
  to   space 512K, 0% used [0x00000000d7000000,0x00000000d7000000,0x00000000d7080000)
 ParOldGen       total 153600K, used 153513K [0x0000000080000000, 0x0000000089600000, 0x00000000d5580000)
  object space 153600K, 99% used [0x0000000080000000,0x00000000895ea610,0x0000000089600000)
 Metaspace       used 74516K, committed 75904K, reserved 1179648K
  class space    used 7759K, committed 8320K, reserved 1048576K
}
Event: 750.830 GC heap after
{Heap after GC invocations=61 (full 3):
 PSYoungGen      total 16896K, used 496K [0x00000000d5580000, 0x00000000d7080000, 0x0000000100000000)
  eden space 16384K, 0% used [0x00000000d5580000,0x00000000d5580000,0x00000000d6580000)
  from space 512K, 96% used [0x00000000d7000000,0x00000000d707c050,0x00000000d7080000)
  to   space 2560K, 0% used [0x00000000d6b80000,0x00000000d6b80000,0x00000000d6e00000)
 ParOldGen       total 155136K, used 154977K [0x0000000080000000, 0x0000000089780000, 0x00000000d5580000)
  object space 155136K, 99% used [0x0000000080000000,0x0000000089758528,0x0000000089780000)
 Metaspace       used 74516K, committed 75904K, reserved 1179648K
  class space    used 7759K, committed 8320K, reserved 1048576K
}
Event: 753.757 GC heap before
{Heap before GC invocations=62 (full 3):
 PSYoungGen      total 16896K, used 16863K [0x00000000d5580000, 0x00000000d7080000, 0x0000000100000000)
  eden space 16384K, 99% used [0x00000000d5580000,0x00000000d657bdc0,0x00000000d6580000)
  from space 512K, 96% used [0x00000000d7000000,0x00000000d707c050,0x00000000d7080000)
  to   space 2560K, 0% used [0x00000000d6b80000,0x00000000d6b80000,0x00000000d6e00000)
 ParOldGen       total 155136K, used 154977K [0x0000000080000000, 0x0000000089780000, 0x00000000d5580000)
  object space 155136K, 99% used [0x0000000080000000,0x0000000089758528,0x0000000089780000)
 Metaspace       used 74660K, committed 76032K, reserved 1179648K
  class space    used 7773K, committed 8320K, reserved 1048576K
}
Event: 753.786 GC heap after
{Heap after GC invocations=62 (full 3):
 PSYoungGen      total 18944K, used 2538K [0x00000000d5580000, 0x00000000d7080000, 0x0000000100000000)
  eden space 16384K, 0% used [0x00000000d5580000,0x00000000d5580000,0x00000000d6580000)
  from space 2560K, 99% used [0x00000000d6b80000,0x00000000d6dfab00,0x00000000d6e00000)
  to   space 2560K, 0% used [0x00000000d6e00000,0x00000000d6e00000,0x00000000d7080000)
 ParOldGen       total 156672K, used 156498K [0x0000000080000000, 0x0000000089900000, 0x00000000d5580000)
  object space 156672K, 99% used [0x0000000080000000,0x00000000898d4bd0,0x0000000089900000)
 Metaspace       used 74660K, committed 76032K, reserved 1179648K
  class space    used 7773K, committed 8320K, reserved 1048576K
}
Event: 754.129 GC heap before
{Heap before GC invocations=63 (full 3):
 PSYoungGen      total 18944K, used 18922K [0x00000000d5580000, 0x00000000d7080000, 0x0000000100000000)
  eden space 16384K, 100% used [0x00000000d5580000,0x00000000d6580000,0x00000000d6580000)
  from space 2560K, 99% used [0x00000000d6b80000,0x00000000d6dfab00,0x00000000d6e00000)
  to   space 2560K, 0% used [0x00000000d6e00000,0x00000000d6e00000,0x00000000d7080000)
 ParOldGen       total 156672K, used 156498K [0x0000000080000000, 0x0000000089900000, 0x00000000d5580000)
  object space 156672K, 99% used [0x0000000080000000,0x00000000898d4bd0,0x0000000089900000)
 Metaspace       used 74936K, committed 76288K, reserved 1179648K
  class space    used 7817K, committed 8384K, reserved 1048576K
}
Event: 754.138 GC heap after
{Heap after GC invocations=63 (full 3):
 PSYoungGen      total 17920K, used 1072K [0x00000000d5580000, 0x00000000d6f80000, 0x0000000100000000)
  eden space 16384K, 0% used [0x00000000d5580000,0x00000000d5580000,0x00000000d6580000)
  from space 1536K, 69% used [0x00000000d6e00000,0x00000000d6f0c0e0,0x00000000d6f80000)
  to   space 2560K, 0% used [0x00000000d6a80000,0x00000000d6a80000,0x00000000d6d00000)
 ParOldGen       total 159232K, used 158949K [0x0000000080000000, 0x0000000089b80000, 0x00000000d5580000)
  object space 159232K, 99% used [0x0000000080000000,0x0000000089b394d0,0x0000000089b80000)
 Metaspace       used 74936K, committed 76288K, reserved 1179648K
  class space    used 7817K, committed 8384K, reserved 1048576K
}
Event: 754.304 GC heap before
{Heap before GC invocations=64 (full 3):
 PSYoungGen      total 17920K, used 17056K [0x00000000d5580000, 0x00000000d6f80000, 0x0000000100000000)
  eden space 16384K, 97% used [0x00000000d5580000,0x00000000d651bfb8,0x00000000d6580000)
  from space 1536K, 69% used [0x00000000d6e00000,0x00000000d6f0c0e0,0x00000000d6f80000)
  to   space 2560K, 0% used [0x00000000d6a80000,0x00000000d6a80000,0x00000000d6d00000)
 ParOldGen       total 159232K, used 158949K [0x0000000080000000, 0x0000000089b80000, 0x00000000d5580000)
  object space 159232K, 99% used [0x0000000080000000,0x0000000089b394d0,0x0000000089b80000)
 Metaspace       used 74965K, committed 76352K, reserved 1179648K
  class space    used 7817K, committed 8384K, reserved 1048576K
}
Event: 754.309 GC heap after
{Heap after GC invocations=64 (full 3):
 PSYoungGen      total 18944K, used 96K [0x00000000d5580000, 0x00000000d6e80000, 0x0000000100000000)
  eden space 16384K, 0% used [0x00000000d5580000,0x00000000d5580000,0x00000000d6580000)
  from space 2560K, 3% used [0x00000000d6a80000,0x00000000d6a98000,0x00000000d6d00000)
  to   space 1024K, 0% used [0x00000000d6d80000,0x00000000d6d80000,0x00000000d6e80000)
 ParOldGen       total 160256K, used 159882K [0x0000000080000000, 0x0000000089c80000, 0x00000000d5580000)
  object space 160256K, 99% used [0x0000000080000000,0x0000000089c22af0,0x0000000089c80000)
 Metaspace       used 74965K, committed 76352K, reserved 1179648K
  class space    used 7817K, committed 8384K, reserved 1048576K
}
Event: 764.090 GC heap before
{Heap before GC invocations=65 (full 3):
 PSYoungGen      total 18944K, used 16403K [0x00000000d5580000, 0x00000000d6e80000, 0x0000000100000000)
  eden space 16384K, 99% used [0x00000000d5580000,0x00000000d656cfa0,0x00000000d6580000)
  from space 2560K, 3% used [0x00000000d6a80000,0x00000000d6a98000,0x00000000d6d00000)
  to   space 1024K, 0% used [0x00000000d6d80000,0x00000000d6d80000,0x00000000d6e80000)
 ParOldGen       total 160256K, used 159882K [0x0000000080000000, 0x0000000089c80000, 0x00000000d5580000)
  object space 160256K, 99% used [0x0000000080000000,0x0000000089c22af0,0x0000000089c80000)
 Metaspace       used 75836K, committed 77312K, reserved 1179648K
  class space    used 7937K, committed 8512K, reserved 1048576K
}
Event: 764.102 GC heap after
{Heap after GC invocations=65 (full 3):
 PSYoungGen      total 17408K, used 1011K [0x00000000d5580000, 0x00000000d7480000, 0x0000000100000000)
  eden space 16384K, 0% used [0x00000000d5580000,0x00000000d5580000,0x00000000d6580000)
  from space 1024K, 98% used [0x00000000d6d80000,0x00000000d6e7cf08,0x00000000d6e80000)
  to   space 7680K, 0% used [0x00000000d6580000,0x00000000d6580000,0x00000000d6d00000)
 ParOldGen       total 165376K, used 165068K [0x0000000080000000, 0x000000008a180000, 0x00000000d5580000)
  object space 165376K, 99% used [0x0000000080000000,0x000000008a133260,0x000000008a180000)
 Metaspace       used 75836K, committed 77312K, reserved 1179648K
  class space    used 7937K, committed 8512K, reserved 1048576K
}

