# JRE version: OpenJDK Runtime Environment Temurin-21.0.9+10 (21.0.9+10) (build 21.0.9+10-LTS)
# Java VM: OpenJDK 64-Bit Server VM Temurin-21.0.9+10 (21.0.9+10-LTS, mixed mode, sharing, tiered, compressed oops, compressed class ptrs, parallel gc, windows-amd64)
GC Precious Log:
 CardTable entry size: 512
 CPUs: 2 total, 2 available
 Memory: 5965M
 Large Page Support: Disabled
 NUMA Support: Disabled
 Compressed Oops: Enabled (32-bit)
 Alignments: Space 512K, Generation 512K, Heap 2M
 Heap Min Capacity: 100M
 Heap Initial Capacity: 100M
 Heap Max Capacity: 2G
 Pre-touch: Disabled
 Parallel Workers: 2
Heap:
 PSYoungGen      total 1536K, used 659K [0x00000000d5580000, 0x00000000d5880000, 0x0000000100000000)
  eden space 1024K, 58% used [0x00000000d5580000,0x00000000d5614d80,0x00000000d5680000)
  from space 512K, 12% used [0x00000000d5680000,0x00000000d5690000,0x00000000d5700000)
  to   space 512K, 0% used [0x00000000d5800000,0x00000000d5800000,0x00000000d5880000)
 ParOldGen       total 177152K, used 176997K [0x0000000080000000, 0x000000008ad00000, 0x00000000d5580000)
  object space 177152K, 99% used [0x0000000080000000,0x000000008acd9660,0x000000008ad00000)
 Metaspace       used 63909K, committed 65344K, reserved 1114112K
  class space    used 6651K, committed 7296K, reserved 1048576K
GC Heap History (20 events):
Event: 116.144 GC heap before
{Heap before GC invocations=283 (full 3):
 PSYoungGen      total 1536K, used 1088K [0x00000000d5580000, 0x00000000d5880000, 0x0000000100000000)
  eden space 1024K, 100% used [0x00000000d5580000,0x00000000d5680000,0x00000000d5680000)
  from space 512K, 12% used [0x00000000d5680000,0x00000000d5690000,0x00000000d5700000)
  to   space 512K, 0% used [0x00000000d5800000,0x00000000d5800000,0x00000000d5880000)
 ParOldGen       total 176640K, used 176416K [0x0000000080000000, 0x000000008ac80000, 0x00000000d5580000)
  object space 176640K, 99% used [0x0000000080000000,0x000000008ac48300,0x000000008ac80000)
 Metaspace       used 63635K, committed 65024K, reserved 1114112K
  class space    used 6619K, committed 7232K, reserved 1048576K
}
Event: 116.145 GC heap after
{Heap after GC invocations=283 (full 3):
 PSYoungGen      total 1536K, used 64K [0x00000000d5580000, 0x00000000d5880000, 0x0000000100000000)
  eden space 1024K, 0% used [0x00000000d5580000,0x00000000d5580000,0x00000000d5680000)
  from space 512K, 12% used [0x00000000d5800000,0x00000000d5810000,0x00000000d5880000)
  to   space 512K, 0% used [0x00000000d5680000,0x00000000d5680000,0x00000000d5700000)
 ParOldGen       total 176640K, used 176432K [0x0000000080000000, 0x000000008ac80000, 0x00000000d5580000)
  object space 176640K, 99% used [0x0000000080000000,0x000000008ac4c300,0x000000008ac80000)
 Metaspace       used 63635K, committed 65024K, reserved 1114112K
  class space    used 6619K, committed 7232K, reserved 1048576K
}
Event: 116.203 GC heap before
{Heap before GC invocations=284 (full 3):
 PSYoungGen      total 1536K, used 1087K [0x00000000d5580000, 0x00000000d5880000, 0x0000000100000000)
  eden space 1024K, 99% used [0x00000000d5580000,0x00000000d567ffb0,0x00000000d5680000)
  from space 512K, 12% used [0x00000000d5800000,0x00000000d5810000,0x00000000d5880000)
  to   space 512K, 0% used [0x00000000d5680000,0x00000000d5680000,0x00000000d5700000)
 ParOldGen       total 176640K, used 176432K [0x0000000080000000, 0x000000008ac80000, 0x00000000d5580000)
  object space 176640K, 99% used [0x0000000080000000,0x000000008ac4c300,0x000000008ac80000)
 Metaspace       used 63635K, committed 65024K, reserved 1114112K
  class space    used 6619K, committed 7232K, reserved 1048576K
}
Event: 116.204 GC heap after
{Heap after GC invocations=284 (full 3):
 PSYoungGen      total 1536K, used 64K [0x00000000d5580000, 0x00000000d5880000, 0x0000000100000000)
  eden space 1024K, 0% used [0x00000000d5580000,0x00000000d5580000,0x00000000d5680000)
  from space 512K, 12% used [0x00000000d5680000,0x00000000d5690000,0x00000000d5700000)
  to   space 512K, 0% used [0x00000000d5800000,0x00000000d5800000,0x00000000d5880000)
 ParOldGen       total 176640K, used 176440K [0x0000000080000000, 0x000000008ac80000, 0x00000000d5580000)
  object space 176640K, 99% used [0x0000000080000000,0x000000008ac4e300,0x000000008ac80000)
 Metaspace       used 63635K, committed 65024K, reserved 1114112K
  class space    used 6619K, committed 7232K, reserved 1048576K
}
Event: 116.313 GC heap before
{Heap before GC invocations=285 (full 3):
 PSYoungGen      total 1536K, used 1088K [0x00000000d5580000, 0x00000000d5880000, 0x0000000100000000)
  eden space 1024K, 100% used [0x00000000d5580000,0x00000000d5680000,0x00000000d5680000)
  from space 512K, 12% used [0x00000000d5680000,0x00000000d5690000,0x00000000d5700000)
  to   space 512K, 0% used [0x00000000d5800000,0x00000000d5800000,0x00000000d5880000)
 ParOldGen       total 176640K, used 176440K [0x0000000080000000, 0x000000008ac80000, 0x00000000d5580000)
  object space 176640K, 99% used [0x0000000080000000,0x000000008ac4e300,0x000000008ac80000)
 Metaspace       used 63635K, committed 65024K, reserved 1114112K
  class space    used 6619K, committed 7232K, reserved 1048576K
}
Event: 116.314 GC heap after
{Heap after GC invocations=285 (full 3):
 PSYoungGen      total 1536K, used 64K [0x00000000d5580000, 0x00000000d5880000, 0x0000000100000000)
  eden space 1024K, 0% used [0x00000000d5580000,0x00000000d5580000,0x00000000d5680000)
  from space 512K, 12% used [0x00000000d5800000,0x00000000d5810000,0x00000000d5880000)
  to   space 512K, 0% used [0x00000000d5680000,0x00000000d5680000,0x00000000d5700000)
 ParOldGen       total 176640K, used 176448K [0x0000000080000000, 0x000000008ac80000, 0x00000000d5580000)
  object space 176640K, 99% used [0x0000000080000000,0x000000008ac50300,0x000000008ac80000)
 Metaspace       used 63635K, committed 65024K, reserved 1114112K
  class space    used 6619K, committed 7232K, reserved 1048576K
}
Event: 116.904 GC heap before
{Heap before GC invocations=286 (full 3):
 PSYoungGen      total 1536K, used 1088K [0x00000000d5580000, 0x00000000d5880000, 0x0000000100000000)
  eden space 1024K, 100% used [0x00000000d5580000,0x00000000d5680000,0x00000000d5680000)
  from space 512K, 12% used [0x00000000d5800000,0x00000000d5810000,0x00000000d5880000)
  to   space 512K, 0% used [0x00000000d5680000,0x00000000d5680000,0x00000000d5700000)
 ParOldGen       total 176640K, used 176448K [0x0000000080000000, 0x000000008ac80000, 0x00000000d5580000)
  object space 176640K, 99% used [0x0000000080000000,0x000000008ac50300,0x000000008ac80000)
 Metaspace       used 63635K, committed 65024K, reserved 1114112K
  class space    used 6619K, committed 7232K, reserved 1048576K
}
Event: 116.905 GC heap after
{Heap after GC invocations=286 (full 3):
 PSYoungGen      total 1536K, used 32K [0x00000000d5580000, 0x00000000d5880000, 0x0000000100000000)
  eden space 1024K, 0% used [0x00000000d5580000,0x00000000d5580000,0x00000000d5680000)
  from space 512K, 6% used [0x00000000d5680000,0x00000000d5688000,0x00000000d5700000)
  to   space 512K, 0% used [0x00000000d5800000,0x00000000d5800000,0x00000000d5880000)
 ParOldGen       total 176640K, used 176464K [0x0000000080000000, 0x000000008ac80000, 0x00000000d5580000)
  object space 176640K, 99% used [0x0000000080000000,0x000000008ac54300,0x000000008ac80000)
 Metaspace       used 63635K, committed 65024K, reserved 1114112K
  class space    used 6619K, committed 7232K, reserved 1048576K
}
Event: 117.183 GC heap before
{Heap before GC invocations=287 (full 3):
 PSYoungGen      total 1536K, used 1056K [0x00000000d5580000, 0x00000000d5880000, 0x0000000100000000)
  eden space 1024K, 100% used [0x00000000d5580000,0x00000000d5680000,0x00000000d5680000)
  from space 512K, 6% used [0x00000000d5680000,0x00000000d5688000,0x00000000d5700000)
  to   space 512K, 0% used [0x00000000d5800000,0x00000000d5800000,0x00000000d5880000)
 ParOldGen       total 176640K, used 176464K [0x0000000080000000, 0x000000008ac80000, 0x00000000d5580000)
  object space 176640K, 99% used [0x0000000080000000,0x000000008ac54300,0x000000008ac80000)
 Metaspace       used 63635K, committed 65024K, reserved 1114112K
  class space    used 6619K, committed 7232K, reserved 1048576K
}
Event: 117.184 GC heap after
{Heap after GC invocations=287 (full 3):
 PSYoungGen      total 1536K, used 64K [0x00000000d5580000, 0x00000000d5880000, 0x0000000100000000)
  eden space 1024K, 0% used [0x00000000d5580000,0x00000000d5580000,0x00000000d5680000)
  from space 512K, 12% used [0x00000000d5800000,0x00000000d5810000,0x00000000d5880000)
  to   space 512K, 0% used [0x00000000d5680000,0x00000000d5680000,0x00000000d5700000)
 ParOldGen       total 176640K, used 176480K [0x0000000080000000, 0x000000008ac80000, 0x00000000d5580000)
  object space 176640K, 99% used [0x0000000080000000,0x000000008ac58300,0x000000008ac80000)
 Metaspace       used 63635K, committed 65024K, reserved 1114112K
  class space    used 6619K, committed 7232K, reserved 1048576K
}
Event: 117.287 GC heap before
{Heap before GC invocations=288 (full 3):
 PSYoungGen      total 1536K, used 1088K [0x00000000d5580000, 0x00000000d5880000, 0x0000000100000000)
  eden space 1024K, 100% used [0x00000000d5580000,0x00000000d5680000,0x00000000d5680000)
  from space 512K, 12% used [0x00000000d5800000,0x00000000d5810000,0x00000000d5880000)
  to   space 512K, 0% used [0x00000000d5680000,0x00000000d5680000,0x00000000d5700000)
 ParOldGen       total 176640K, used 176480K [0x0000000080000000, 0x000000008ac80000, 0x00000000d5580000)
  object space 176640K, 99% used [0x0000000080000000,0x000000008ac58300,0x000000008ac80000)
 Metaspace       used 63635K, committed 65024K, reserved 1114112K
  class space    used 6619K, committed 7232K, reserved 1048576K
}
Event: 117.287 GC heap after
{Heap after GC invocations=288 (full 3):
 PSYoungGen      total 1536K, used 32K [0x00000000d5580000, 0x00000000d5880000, 0x0000000100000000)
  eden space 1024K, 0% used [0x00000000d5580000,0x00000000d5580000,0x00000000d5680000)
  from space 512K, 6% used [0x00000000d5680000,0x00000000d5688000,0x00000000d5700000)
  to   space 512K, 0% used [0x00000000d5800000,0x00000000d5800000,0x00000000d5880000)
 ParOldGen       total 176640K, used 176496K [0x0000000080000000, 0x000000008ac80000, 0x00000000d5580000)
  object space 176640K, 99% used [0x0000000080000000,0x000000008ac5c300,0x000000008ac80000)
 Metaspace       used 63635K, committed 65024K, reserved 1114112K
  class space    used 6619K, committed 7232K, reserved 1048576K
}
Event: 327.278 GC heap before
{Heap before GC invocations=289 (full 3):
 PSYoungGen      total 1536K, used 1056K [0x00000000d5580000, 0x00000000d5880000, 0x0000000100000000)
  eden space 1024K, 100% used [0x00000000d5580000,0x00000000d5680000,0x00000000d5680000)
  from space 512K, 6% used [0x00000000d5680000,0x00000000d5688000,0x00000000d5700000)
  to   space 512K, 0% used [0x00000000d5800000,0x00000000d5800000,0x00000000d5880000)
 ParOldGen       total 176640K, used 176496K [0x0000000080000000, 0x000000008ac80000, 0x00000000d5580000)
  object space 176640K, 99% used [0x0000000080000000,0x000000008ac5c300,0x000000008ac80000)
 Metaspace       used 63666K, committed 65024K, reserved 1114112K
  class space    used 6623K, committed 7232K, reserved 1048576K
}
Event: 327.366 GC heap after
{Heap after GC invocations=289 (full 3):
 PSYoungGen      total 1536K, used 160K [0x00000000d5580000, 0x00000000d5880000, 0x0000000100000000)
  eden space 1024K, 0% used [0x00000000d5580000,0x00000000d5580000,0x00000000d5680000)
  from space 512K, 31% used [0x00000000d5800000,0x00000000d5828000,0x00000000d5880000)
  to   space 512K, 0% used [0x00000000d5680000,0x00000000d5680000,0x00000000d5700000)
 ParOldGen       total 176640K, used 176512K [0x0000000080000000, 0x000000008ac80000, 0x00000000d5580000)
  object space 176640K, 99% used [0x0000000080000000,0x000000008ac60300,0x000000008ac80000)
 Metaspace       used 63666K, committed 65024K, reserved 1114112K
  class space    used 6623K, committed 7232K, reserved 1048576K
}
Event: 403.746 GC heap before
{Heap before GC invocations=290 (full 3):
 PSYoungGen      total 1536K, used 1179K [0x00000000d5580000, 0x00000000d5880000, 0x0000000100000000)
  eden space 1024K, 99% used [0x00000000d5580000,0x00000000d567ef38,0x00000000d5680000)
  from space 512K, 31% used [0x00000000d5800000,0x00000000d5828000,0x00000000d5880000)
  to   space 512K, 0% used [0x00000000d5680000,0x00000000d5680000,0x00000000d5700000)
 ParOldGen       total 176640K, used 176512K [0x0000000080000000, 0x000000008ac80000, 0x00000000d5580000)
  object space 176640K, 99% used [0x0000000080000000,0x000000008ac60300,0x000000008ac80000)
 Metaspace       used 63684K, committed 65088K, reserved 1114112K
  class space    used 6625K, committed 7232K, reserved 1048576K
}
Event: 403.764 GC heap after
{Heap after GC invocations=290 (full 3):
 PSYoungGen      total 1536K, used 448K [0x00000000d5580000, 0x00000000d5880000, 0x0000000100000000)
  eden space 1024K, 0% used [0x00000000d5580000,0x00000000d5580000,0x00000000d5680000)
  from space 512K, 87% used [0x00000000d5680000,0x00000000d56f0000,0x00000000d5700000)
  to   space 512K, 0% used [0x00000000d5800000,0x00000000d5800000,0x00000000d5880000)
 ParOldGen       total 176640K, used 176565K [0x0000000080000000, 0x000000008ac80000, 0x00000000d5580000)
  object space 176640K, 99% used [0x0000000080000000,0x000000008ac6d660,0x000000008ac80000)
 Metaspace       used 63684K, committed 65088K, reserved 1114112K
  class space    used 6625K, committed 7232K, reserved 1048576K
}
Event: 405.104 GC heap before
{Heap before GC invocations=291 (full 3):
 PSYoungGen      total 1536K, used 1470K [0x00000000d5580000, 0x00000000d5880000, 0x0000000100000000)
  eden space 1024K, 99% used [0x00000000d5580000,0x00000000d567fba0,0x00000000d5680000)
  from space 512K, 87% used [0x00000000d5680000,0x00000000d56f0000,0x00000000d5700000)
  to   space 512K, 0% used [0x00000000d5800000,0x00000000d5800000,0x00000000d5880000)
 ParOldGen       total 176640K, used 176565K [0x0000000080000000, 0x000000008ac80000, 0x00000000d5580000)
  object space 176640K, 99% used [0x0000000080000000,0x000000008ac6d660,0x000000008ac80000)
 Metaspace       used 63848K, committed 65280K, reserved 1114112K
  class space    used 6645K, committed 7296K, reserved 1048576K
}
Event: 405.116 GC heap after
{Heap after GC invocations=291 (full 3):
 PSYoungGen      total 1536K, used 64K [0x00000000d5580000, 0x00000000d5880000, 0x0000000100000000)
  eden space 1024K, 0% used [0x00000000d5580000,0x00000000d5580000,0x00000000d5680000)
  from space 512K, 12% used [0x00000000d5800000,0x00000000d5810000,0x00000000d5880000)
  to   space 512K, 0% used [0x00000000d5680000,0x00000000d5680000,0x00000000d5700000)
 ParOldGen       total 177152K, used 176965K [0x0000000080000000, 0x000000008ad00000, 0x00000000d5580000)
  object space 177152K, 99% used [0x0000000080000000,0x000000008acd1660,0x000000008ad00000)
 Metaspace       used 63848K, committed 65280K, reserved 1114112K
  class space    used 6645K, committed 7296K, reserved 1048576K
}
Event: 410.413 GC heap before
{Heap before GC invocations=292 (full 3):
 PSYoungGen      total 1536K, used 1087K [0x00000000d5580000, 0x00000000d5880000, 0x0000000100000000)
  eden space 1024K, 99% used [0x00000000d5580000,0x00000000d567fff0,0x00000000d5680000)
  from space 512K, 12% used [0x00000000d5800000,0x00000000d5810000,0x00000000d5880000)
  to   space 512K, 0% used [0x00000000d5680000,0x00000000d5680000,0x00000000d5700000)
 ParOldGen       total 177152K, used 176965K [0x0000000080000000, 0x000000008ad00000, 0x00000000d5580000)
  object space 177152K, 99% used [0x0000000080000000,0x000000008acd1660,0x000000008ad00000)
 Metaspace       used 63896K, committed 65344K, reserved 1114112K
  class space    used 6651K, committed 7296K, reserved 1048576K
}
Event: 410.420 GC heap after
{Heap after GC invocations=292 (full 3):
 PSYoungGen      total 1536K, used 64K [0x00000000d5580000, 0x00000000d5880000, 0x0000000100000000)
  eden space 1024K, 0% used [0x00000000d5580000,0x00000000d5580000,0x00000000d5680000)
  from space 512K, 12% used [0x00000000d5680000,0x00000000d5690000,0x00000000d5700000)
  to   space 512K, 0% used [0x00000000d5800000,0x00000000d5800000,0x00000000d5880000)
 ParOldGen       total 177152K, used 176997K [0x0000000080000000, 0x000000008ad00000, 0x00000000d5580000)
  object space 177152K, 99% used [0x0000000080000000,0x000000008acd9660,0x000000008ad00000)
 Metaspace       used 63896K, committed 65344K, reserved 1114112K
  class space    used 6651K, committed 7296K, reserved 1048576K
}

